2025-08-26 02:09:46,033 - __main__ - INFO - ADC提交文件生成器初始化完成，随机种子: 42
2025-08-26 02:09:46,033 - __main__ - INFO - === 开始ADC提交文件生成流程 ===
2025-08-26 02:09:46,033 - __main__ - INFO - 开始加载和验证数据...
2025-08-26 02:09:46,059 - __main__ - INFO - 训练数据格式验证通过: 415 行, 11 列
2025-08-26 02:09:46,063 - __main__ - INFO - 测试数据格式验证通过: 20 行, 7 列
2025-08-26 02:09:46,065 - __main__ - INFO - 数据加载和验证完成
2025-08-26 02:09:46,065 - __main__ - INFO - 开始生成submit1.csv...
2025-08-26 02:09:46,066 - __main__ - INFO - 生成 500 个多样性Payload分子...
2025-08-26 02:09:46,067 - __main__ - INFO - 训练集中有 67 个唯一Payload
2025-08-26 02:09:48,847 - __main__ - INFO - 已生成 100 个Payload分子
2025-08-26 02:10:02,274 - __main__ - INFO - 已生成 200 个Payload分子
2025-08-26 02:10:13,408 - __main__ - INFO - 已生成 300 个Payload分子
2025-08-26 02:10:25,069 - __main__ - INFO - 已生成 400 个Payload分子
2025-08-26 02:10:37,549 - __main__ - INFO - 已生成 500 个Payload分子
2025-08-26 02:10:44,328 - __main__ - INFO - Payload分子生成完成: 500 个, 多样性得分: 0.8326
2025-08-26 02:10:44,328 - __main__ - INFO - 生成 500 个多样性Linker分子...
2025-08-26 02:10:44,329 - __main__ - INFO - 训练集中有 80 个唯一Linker
2025-08-26 02:10:46,947 - __main__ - INFO - 已生成 100 个Linker分子
2025-08-26 02:10:52,882 - __main__ - INFO - 已生成 200 个Linker分子
2025-08-26 02:11:06,147 - __main__ - INFO - 已生成 300 个Linker分子
2025-08-26 02:11:16,035 - __main__ - INFO - 已生成 400 个Linker分子
2025-08-26 02:11:24,692 - __main__ - INFO - 已生成 500 个Linker分子
2025-08-26 02:11:31,971 - __main__ - INFO - Linker分子生成完成: 500 个, 多样性得分: 0.7832
2025-08-26 02:11:31,980 - __main__ - INFO - submit1验证通过
2025-08-26 02:11:31,982 - __main__ - INFO - submit1.csv生成成功: 500 行
2025-08-26 02:11:31,983 - __main__ - INFO - 开始生成submit2.csv...
2025-08-26 02:11:31,984 - __main__ - INFO - 开始基于统计的C1-C4值预测...
2025-08-26 02:11:31,985 - __main__ - INFO - 训练集C值统计: {'C1': {'mean': np.float64(0.6578313253012048), 'std': np.float64(0.4750083858725081), 'count_1': np.int64(273), 'count_0': np.int64(142)}, 'C2': {'mean': np.float64(0.653012048192771), 'std': np.float64(0.47658643020794783), 'count_1': np.int64(271), 'count_0': np.int64(144)}, 'C3': {'mean': np.float64(0.6289156626506024), 'std': np.float64(0.48367806808491887), 'count_1': np.int64(261), 'count_0': np.int64(154)}, 'C4': {'mean': np.float64(0.6120481927710844), 'std': np.float64(0.487871644629199), 'count_1': np.int64(254), 'count_0': np.int64(161)}}
2025-08-26 02:11:31,987 - __main__ - INFO - C1 - 训练均值: 0.658, 预测均值: 0.700
2025-08-26 02:11:31,991 - __main__ - INFO - C2 - 训练均值: 0.653, 预测均值: 0.600
2025-08-26 02:11:31,991 - __main__ - INFO - C3 - 训练均值: 0.629, 预测均值: 0.550
2025-08-26 02:11:31,992 - __main__ - INFO - C4 - 训练均值: 0.612, 预测均值: 0.550
2025-08-26 02:11:31,993 - __main__ - INFO - C1-C4预测完成，形状: (20, 4)
2025-08-26 02:11:31,995 - __main__ - INFO - submit2验证通过
2025-08-26 02:11:31,997 - __main__ - INFO - submit2.csv生成成功: 20 行
2025-08-26 02:11:31,997 - __main__ - INFO - 保存提交文件...
2025-08-26 02:11:32,043 - __main__ - INFO - submit1.csv已保存: submit\submit1.csv
2025-08-26 02:11:32,047 - __main__ - INFO - submit2.csv已保存: submit\submit2.csv
2025-08-26 02:11:32,115 - __main__ - INFO - submit1验证通过
2025-08-26 02:11:32,116 - __main__ - INFO - submit2验证通过
2025-08-26 02:11:32,116 - __main__ - INFO - 保存的文件验证通过
2025-08-26 02:11:32,117 - __main__ - INFO - 提交文件保存成功
2025-08-26 02:11:32,117 - __main__ - INFO - 创建提交压缩包...
2025-08-26 02:11:32,161 - __main__ - INFO - 添加文件到压缩包: submit/submit1.csv
2025-08-26 02:11:32,163 - __main__ - INFO - 添加文件到压缩包: submit/submit2.csv
2025-08-26 02:11:32,163 - __main__ - INFO - 提交压缩包创建成功: submit_final.zip (134783 bytes)
2025-08-26 02:11:32,163 - __main__ - INFO - 
=== 生成报告 ===
2025-08-26 02:11:39,171 - __main__ - INFO - Submit1统计:
2025-08-26 02:11:39,173 - __main__ - INFO -   - 记录数: 500
2025-08-26 02:11:39,173 - __main__ - INFO -   - Payload多样性: 0.8596
2025-08-26 02:11:39,174 - __main__ - INFO -   - Linker多样性: 0.8023
2025-08-26 02:11:39,174 - __main__ - INFO -   - C1平均值: 0.644
2025-08-26 02:11:39,174 - __main__ - INFO -   - C2平均值: 0.632
2025-08-26 02:11:39,175 - __main__ - INFO -   - C3平均值: 0.648
2025-08-26 02:11:39,175 - __main__ - INFO -   - C4平均值: 0.620
2025-08-26 02:11:39,175 - __main__ - INFO - Submit2统计:
2025-08-26 02:11:39,175 - __main__ - INFO -   - 记录数: 20
2025-08-26 02:11:39,176 - __main__ - INFO -   - C1平均值: 0.700
2025-08-26 02:11:39,176 - __main__ - INFO -   - C2平均值: 0.600
2025-08-26 02:11:39,176 - __main__ - INFO -   - C3平均值: 0.550
2025-08-26 02:11:39,176 - __main__ - INFO -   - C4平均值: 0.550
2025-08-26 02:11:39,176 - __main__ - INFO - === 报告生成完成 ===
2025-08-26 02:11:39,178 - __main__ - INFO - === ADC提交文件生成流程完成 ===
